1543857650.408314 client started (5684): version 2.6, socket /tmp/tmux-1000/default, protocol 8
1543857650.408370 on Linux 4.15.0-39-generic #42-Ubuntu SMP Tue Oct 23 15:48:01 UTC 2018; libevent 2.1.8-stable (poll)
1543857650.408410 socket is /tmp/tmux-1000/default
1543857650.408433 trying connect
1543857650.408561 add peer 0x5626c8e59560: 6 ((nil))
1543857650.408677 sending message 100 to peer 0x5626c8e59560 (4 bytes)
1543857650.408696 sending message 101 to peer 0x5626c8e59560 (16 bytes)
1543857650.408707 sending message 102 to peer 0x5626c8e59560 (11 bytes)
1543857650.408718 sending message 108 to peer 0x5626c8e59560 (24 bytes)
1543857650.408730 sending message 104 to peer 0x5626c8e59560 (0 bytes)
1543857650.408742 sending message 107 to peer 0x5626c8e59560 (4 bytes)
1543857650.408753 sending message 105 to peer 0x5626c8e59560 (22 bytes)
1543857650.408764 sending message 105 to peer 0x5626c8e59560 (1516 bytes)
1543857650.408793 sending message 105 to peer 0x5626c8e59560 (23 bytes)
1543857650.408804 sending message 105 to peer 0x5626c8e59560 (17 bytes)
1543857650.408815 sending message 105 to peer 0x5626c8e59560 (11 bytes)
1543857650.408825 sending message 105 to peer 0x5626c8e59560 (47 bytes)
1543857650.408835 sending message 105 to peer 0x5626c8e59560 (32 bytes)
1543857650.408845 sending message 105 to peer 0x5626c8e59560 (32 bytes)
1543857650.408855 sending message 105 to peer 0x5626c8e59560 (11 bytes)
1543857650.408865 sending message 105 to peer 0x5626c8e59560 (149 bytes)
1543857650.408876 sending message 105 to peer 0x5626c8e59560 (20 bytes)
1543857650.408886 sending message 105 to peer 0x5626c8e59560 (18 bytes)
1543857650.408896 sending message 105 to peer 0x5626c8e59560 (11 bytes)
1543857650.408906 sending message 105 to peer 0x5626c8e59560 (15 bytes)
1543857650.408916 sending message 105 to peer 0x5626c8e59560 (41 bytes)
1543857650.408927 sending message 105 to peer 0x5626c8e59560 (54 bytes)
1543857650.408937 sending message 105 to peer 0x5626c8e59560 (14 bytes)
1543857650.408947 sending message 105 to peer 0x5626c8e59560 (55 bytes)
1543857650.408957 sending message 105 to peer 0x5626c8e59560 (17 bytes)
1543857650.408967 sending message 105 to peer 0x5626c8e59560 (14 bytes)
1543857650.408977 sending message 105 to peer 0x5626c8e59560 (23 bytes)
1543857650.408987 sending message 105 to peer 0x5626c8e59560 (17 bytes)
1543857650.408997 sending message 105 to peer 0x5626c8e59560 (18 bytes)
1543857650.409007 sending message 105 to peer 0x5626c8e59560 (33 bytes)
1543857650.409017 sending message 105 to peer 0x5626c8e59560 (86 bytes)
1543857650.409028 sending message 105 to peer 0x5626c8e59560 (51 bytes)
1543857650.409038 sending message 105 to peer 0x5626c8e59560 (28 bytes)
1543857650.409049 sending message 105 to peer 0x5626c8e59560 (22 bytes)
1543857650.409059 sending message 105 to peer 0x5626c8e59560 (20 bytes)
1543857650.409070 sending message 105 to peer 0x5626c8e59560 (21 bytes)
1543857650.409080 sending message 105 to peer 0x5626c8e59560 (19 bytes)
1543857650.409090 sending message 105 to peer 0x5626c8e59560 (19 bytes)
1543857650.409100 sending message 105 to peer 0x5626c8e59560 (35 bytes)
1543857650.409110 sending message 105 to peer 0x5626c8e59560 (21 bytes)
1543857650.409121 sending message 105 to peer 0x5626c8e59560 (83 bytes)
1543857650.409132 sending message 105 to peer 0x5626c8e59560 (15 bytes)
1543857650.409142 sending message 105 to peer 0x5626c8e59560 (27 bytes)
1543857650.409152 sending message 105 to peer 0x5626c8e59560 (24 bytes)
1543857650.409162 sending message 105 to peer 0x5626c8e59560 (37 bytes)
1543857650.409172 sending message 105 to peer 0x5626c8e59560 (28 bytes)
1543857650.409183 sending message 105 to peer 0x5626c8e59560 (50 bytes)
1543857650.409193 sending message 105 to peer 0x5626c8e59560 (11 bytes)
1543857650.409204 sending message 105 to peer 0x5626c8e59560 (13 bytes)
1543857650.409214 sending message 105 to peer 0x5626c8e59560 (17 bytes)
1543857650.409224 sending message 105 to peer 0x5626c8e59560 (21 bytes)
1543857650.409234 sending message 105 to peer 0x5626c8e59560 (16 bytes)
1543857650.409244 sending message 105 to peer 0x5626c8e59560 (18 bytes)
1543857650.409268 sending message 105 to peer 0x5626c8e59560 (20 bytes)
1543857650.409279 sending message 105 to peer 0x5626c8e59560 (18 bytes)
1543857650.409288 sending message 105 to peer 0x5626c8e59560 (33 bytes)
1543857650.409299 sending message 105 to peer 0x5626c8e59560 (52 bytes)
1543857650.409309 sending message 105 to peer 0x5626c8e59560 (29 bytes)
1543857650.409319 sending message 105 to peer 0x5626c8e59560 (13 bytes)
1543857650.409329 sending message 105 to peer 0x5626c8e59560 (15 bytes)
1543857650.409343 sending message 105 to peer 0x5626c8e59560 (8 bytes)
1543857650.409353 sending message 105 to peer 0x5626c8e59560 (76 bytes)
1543857650.409363 sending message 105 to peer 0x5626c8e59560 (18 bytes)
1543857650.409373 sending message 105 to peer 0x5626c8e59560 (44 bytes)
1543857650.409383 sending message 105 to peer 0x5626c8e59560 (17 bytes)
1543857650.409393 sending message 105 to peer 0x5626c8e59560 (54 bytes)
1543857650.409403 sending message 105 to peer 0x5626c8e59560 (31 bytes)
1543857650.409413 sending message 105 to peer 0x5626c8e59560 (41 bytes)
1543857650.409423 sending message 105 to peer 0x5626c8e59560 (45 bytes)
1543857650.409433 sending message 105 to peer 0x5626c8e59560 (753 bytes)
1543857650.409444 sending message 105 to peer 0x5626c8e59560 (232 bytes)
1543857650.409454 sending message 105 to peer 0x5626c8e59560 (33 bytes)
1543857650.409463 sending message 105 to peer 0x5626c8e59560 (90 bytes)
1543857650.409473 sending message 105 to peer 0x5626c8e59560 (47 bytes)
1543857650.409491 sending message 105 to peer 0x5626c8e59560 (53 bytes)
1543857650.409501 sending message 105 to peer 0x5626c8e59560 (19 bytes)
1543857650.409511 sending message 105 to peer 0x5626c8e59560 (16 bytes)
1543857650.409521 sending message 105 to peer 0x5626c8e59560 (16 bytes)
1543857650.409531 sending message 106 to peer 0x5626c8e59560 (0 bytes)
1543857650.409542 sending message 200 to peer 0x5626c8e59560 (4 bytes)
1543857650.409551 client loop enter
1543857650.409906 peer 0x5626c8e59560 message 211
1543857650.409919 peer 0x5626c8e59560 message 203
1543857650.409923 client loop exit
